#
# There is insufficient memory for the Java Runtime Environment to continue.
# Native memory allocation (mmap) failed to map 133169152 bytes for Failed to commit area from 0x00000000c7f00000 to 0x00000000cfe00000 of length 133169152.
# Possible reasons:
#   The system is out of physical RAM or swap space
#   The process is running with CompressedOops enabled, and the Java Heap may be blocking the growth of the native heap
# Possible solutions:
#   Reduce memory load on the system
#   Increase physical memory or swap space
#   Check if swap backing store is full
#   Decrease Java heap size (-Xmx/-Xms)
#   Decrease number of Java threads
#   Decrease Java thread stack sizes (-Xss)
#   Set larger code cache with -XX:ReservedCodeCacheSize=
#   JVM is running with Unscaled Compressed Oops mode in which the Java heap is
#     placed in the first 4GB address space. The Java Heap base address is the
#     maximum limit for the native heap growth. Please use -XX:HeapBaseMinAddress
#     to set the Java Heap base and to place the Java Heap above 4GB virtual address.
# This output file may be truncated or incomplete.
#
#  Out of Memory Error (os_windows.cpp:3398), pid=11820, tid=0x0000000000002448
#
# JRE version: OpenJDK Runtime Environment (8.0_222-b10) (build 1.8.0_222-b10)
# Java VM: OpenJDK 64-Bit Server VM (25.222-b10 mixed mode windows-amd64 compressed oops)
# Failed to write core dump. Minidumps are not enabled by default on client versions of Windows
#

---------------  T H R E A D  ---------------

Current thread (0x0000026ca3ff8800):  VMThread [stack: 0x000000818d200000,0x000000818d300000] [id=9288]

Stack: [0x000000818d200000,0x000000818d300000]
[error occurred during error reporting (printing stack bounds), id 0xc0000005]

Native frames: (J=compiled Java code, j=interpreted, Vv=VM code, C=native code)

VM_Operation (0x000000818e4ff300): G1IncCollectionPause, mode: safepoint, requested by thread 0x0000026ca5c6e000


---------------  P R O C E S S  ---------------

Java Threads: ( => current thread )
  0x0000026ca63e5000 JavaThread "Worker-7" [_thread_blocked, id=9168, stack(0x000000818f000000,0x000000818f100000)]
  0x0000026ca63e3800 JavaThread "Worker-6" [_thread_blocked, id=11652, stack(0x000000818ec00000,0x000000818ed00000)]
  0x0000026ca63e2000 JavaThread "Worker-5" [_thread_blocked, id=8744, stack(0x000000818e900000,0x000000818ea00000)]
  0x0000026ca63e1000 JavaThread "Worker-4" [_thread_blocked, id=1776, stack(0x000000818e800000,0x000000818e900000)]
  0x0000026ca63e2800 JavaThread "pool-1-thread-1" [_thread_in_native, id=2136, stack(0x000000818e700000,0x000000818e800000)]
  0x0000026ca63e5800 JavaThread "Worker-3" [_thread_blocked, id=2976, stack(0x000000818e600000,0x000000818e700000)]
  0x0000026ca5cc2800 JavaThread "Bundle File Closer" daemon [_thread_blocked, id=11372, stack(0x000000818e500000,0x000000818e600000)]
  0x0000026ca5c6e000 JavaThread "Java indexing" daemon [_thread_blocked, id=8900, stack(0x000000818e400000,0x000000818e500000)]
  0x0000026ca5aaa800 JavaThread "Worker-2: Java indexing... " [_thread_blocked, id=5136, stack(0x000000818e300000,0x000000818e400000)]
  0x0000026ca5731000 JavaThread "Worker-1" [_thread_blocked, id=1228, stack(0x000000818e200000,0x000000818e300000)]
  0x0000026ca5a0e000 JavaThread "Worker-0" [_thread_blocked, id=12868, stack(0x000000818e100000,0x000000818e200000)]
  0x0000026ca56fb000 JavaThread "Worker-JM" [_thread_blocked, id=5856, stack(0x000000818e000000,0x000000818e100000)]
  0x0000026ca58ec800 JavaThread "Start Level: Equinox Container: d63e1c30-4153-4a81-9aa0-8b6652b3793d" daemon [_thread_blocked, id=7884, stack(0x000000818df00000,0x000000818e000000)]
  0x0000026ca58e8000 JavaThread "Framework Event Dispatcher: Equinox Container: d63e1c30-4153-4a81-9aa0-8b6652b3793d" daemon [_thread_blocked, id=5564, stack(0x000000818de00000,0x000000818df00000)]
  0x0000026ca53b8800 JavaThread "Active Thread: Equinox Container: d63e1c30-4153-4a81-9aa0-8b6652b3793d" [_thread_blocked, id=12856, stack(0x000000818dd00000,0x000000818de00000)]
  0x0000026ca49d3800 JavaThread "Service Thread" daemon [_thread_blocked, id=5388, stack(0x000000818db00000,0x000000818dc00000)]
  0x0000026ca4981000 JavaThread "C1 CompilerThread2" daemon [_thread_blocked, id=2284, stack(0x000000818da00000,0x000000818db00000)]
  0x0000026ca402c000 JavaThread "C2 CompilerThread1" daemon [_thread_in_native, id=1444, stack(0x000000818d900000,0x000000818da00000)]
  0x0000026ca4977800 JavaThread "C2 CompilerThread0" daemon [_thread_blocked, id=11408, stack(0x000000818d800000,0x000000818d900000)]
  0x0000026ca4029800 JavaThread "Attach Listener" daemon [_thread_blocked, id=12048, stack(0x000000818d700000,0x000000818d800000)]
  0x0000026ca4976800 JavaThread "Signal Dispatcher" daemon [_thread_blocked, id=9464, stack(0x000000818d600000,0x000000818d700000)]
  0x0000026ca4974800 JavaThread "Surrogate Locker Thread (Concurrent GC)" daemon [_thread_blocked, id=10588, stack(0x000000818d500000,0x000000818d600000)]
  0x0000026ca4000000 JavaThread "Finalizer" daemon [_thread_blocked, id=10804, stack(0x000000818d400000,0x000000818d500000)]
  0x0000026ca3ffd800 JavaThread "Reference Handler" daemon [_thread_blocked, id=10676, stack(0x000000818d300000,0x000000818d400000)]
  0x0000026c8df33000 JavaThread "main" [_thread_blocked, id=11360, stack(0x000000818c500000,0x000000818c600000)]

Other Threads:
=>0x0000026ca3ff8800 VMThread [stack: 0x000000818d200000,0x000000818d300000] [id=9288]
  0x0000026ca49d8800 WatcherThread [stack: 0x000000818dc00000,0x000000818dd00000] [id=11484]

VM state:at safepoint (normal execution)

VM Mutex/Monitor currently owned by a thread:  ([mutex/lock_event])
[0x0000026c8df2a2f0] Threads_lock - owner thread: 0x0000026ca3ff8800
[0x0000026c8df28bf0] Heap_lock - owner thread: 0x0000026ca5c6e000

heap address: 0x00000000c0000000, size: 1024 MB, Compressed Oops mode: 32-bit
Narrow klass base: 0x0000000000000000, Narrow klass shift: 3
Compressed class space size: 1073741824 Address: 0x0000000100000000

Heap:
 garbage-first heap   total 260096K, used 112351K [0x00000000c0000000, 0x00000000c01007f0, 0x0000000100000000)
  region size 1024K, 1 young (1024K), 1 survivors (1024K)
 Metaspace       used 48129K, capacity 51100K, committed 51456K, reserved 1095680K
  class space    used 4937K, capacity 5782K, committed 5888K, reserved 1048576K

Heap Regions: (Y=young(eden), SU=young(survivor), HS=humongous(starts), HC=humongous(continues), CS=collection set, F=free, TS=gc time stamp, PTAMS=previous top-at-mark-start, NTAMS=next top-at-mark-start)
AC   0 HS    TS     0 PTAMS 0x00000000c0080010 NTAMS 0x00000000c0080010 space 1024K,  50% used [0x00000000c0000000, 0x00000000c0100000)
AC   0  O    TS     0 PTAMS 0x00000000c0200000 NTAMS 0x00000000c0200000 space 1024K, 100% used [0x00000000c0100000, 0x00000000c0200000)
AC   0  O    TS     0 PTAMS 0x00000000c0300000 NTAMS 0x00000000c0300000 space 1024K, 100% used [0x00000000c0200000, 0x00000000c0300000)
AC   0  O    TS     0 PTAMS 0x00000000c0400000 NTAMS 0x00000000c0400000 space 1024K, 100% used [0x00000000c0300000, 0x00000000c0400000)
AC   0  O    TS     0 PTAMS 0x00000000c0500000 NTAMS 0x00000000c0500000 space 1024K, 100% used [0x00000000c0400000, 0x00000000c0500000)
AC   0  O    TS     0 PTAMS 0x00000000c0600000 NTAMS 0x00000000c0600000 space 1024K, 100% used [0x00000000c0500000, 0x00000000c0600000)
AC   0  O    TS     0 PTAMS 0x00000000c0700000 NTAMS 0x00000000c0700000 space 1024K, 100% used [0x00000000c0600000, 0x00000000c0700000)
AC   0  O    TS     0 PTAMS 0x00000000c0800000 NTAMS 0x00000000c0800000 space 1024K, 100% used [0x00000000c0700000, 0x00000000c0800000)
AC   0  O    TS     0 PTAMS 0x00000000c0900000 NTAMS 0x00000000c0900000 space 1024K, 100% used [0x00000000c0800000, 0x00000000c0900000)
AC   0  O    TS     0 PTAMS 0x00000000c0a00000 NTAMS 0x00000000c0a00000 space 1024K, 100% used [0x00000000c0900000, 0x00000000c0a00000)
AC   0  O    TS     0 PTAMS 0x00000000c0b00000 NTAMS 0x00000000c0b00000 space 1024K, 100% used [0x00000000c0a00000, 0x00000000c0b00000)
AC   0  O    TS     0 PTAMS 0x00000000c0c00000 NTAMS 0x00000000c0c00000 space 1024K, 100% used [0x00000000c0b00000, 0x00000000c0c00000)
AC   0  O    TS     0 PTAMS 0x00000000c0d00000 NTAMS 0x00000000c0d00000 space 1024K, 100% used [0x00000000c0c00000, 0x00000000c0d00000)
AC   0  O    TS     0 PTAMS 0x00000000c0e00000 NTAMS 0x00000000c0e00000 space 1024K, 100% used [0x00000000c0d00000, 0x00000000c0e00000)
AC   0  O    TS     0 PTAMS 0x00000000c0f00000 NTAMS 0x00000000c0f00000 space 1024K, 100% used [0x00000000c0e00000, 0x00000000c0f00000)
AC   0  O    TS     0 PTAMS 0x00000000c1000000 NTAMS 0x00000000c1000000 space 1024K, 100% used [0x00000000c0f00000, 0x00000000c1000000)
AC   0  O    TS     0 PTAMS 0x00000000c1100000 NTAMS 0x00000000c1100000 space 1024K, 100% used [0x00000000c1000000, 0x00000000c1100000)
AC   0  O    TS     0 PTAMS 0x00000000c1200000 NTAMS 0x00000000c1200000 space 1024K, 100% used [0x00000000c1100000, 0x00000000c1200000)
AC   0  O    TS     0 PTAMS 0x00000000c1300000 NTAMS 0x00000000c1300000 space 1024K, 100% used [0x00000000c1200000, 0x00000000c1300000)
AC   0  O    TS     0 PTAMS 0x00000000c1400000 NTAMS 0x00000000c1400000 space 1024K, 100% used [0x00000000c1300000, 0x00000000c1400000)
AC   0  O    TS     0 PTAMS 0x00000000c1500000 NTAMS 0x00000000c1500000 space 1024K, 100% used [0x00000000c1400000, 0x00000000c1500000)
AC   0  O    TS     0 PTAMS 0x00000000c1600000 NTAMS 0x00000000c1600000 space 1024K, 100% used [0x00000000c1500000, 0x00000000c1600000)
AC   0  O    TS     0 PTAMS 0x00000000c1700000 NTAMS 0x00000000c1700000 space 1024K, 100% used [0x00000000c1600000, 0x00000000c1700000)
AC   0  O    TS     0 PTAMS 0x00000000c1800000 NTAMS 0x00000000c1800000 space 1024K, 100% used [0x00000000c1700000, 0x00000000c1800000)
AC   0  O    TS     0 PTAMS 0x00000000c1900000 NTAMS 0x00000000c1900000 space 1024K, 100% used [0x00000000c1800000, 0x00000000c1900000)
AC   0  O    TS     0 PTAMS 0x00000000c1a00000 NTAMS 0x00000000c1a00000 space 1024K, 100% used [0x00000000c1900000, 0x00000000c1a00000)
AC   0  O    TS     0 PTAMS 0x00000000c1b00000 NTAMS 0x00000000c1b00000 space 1024K, 100% used [0x00000000c1a00000, 0x00000000c1b00000)
AC   0  O    TS     0 PTAMS 0x00000000c1c00000 NTAMS 0x00000000c1c00000 space 1024K, 100% used [0x00000000c1b00000, 0x00000000c1c00000)
AC   0  O    TS     0 PTAMS 0x00000000c1d00000 NTAMS 0x00000000c1d00000 space 1024K, 100% used [0x00000000c1c00000, 0x00000000c1d00000)
AC   0  O    TS     0 PTAMS 0x00000000c1e00000 NTAMS 0x00000000c1e00000 space 1024K, 100% used [0x00000000c1d00000, 0x00000000c1e00000)
AC   0  O    TS     0 PTAMS 0x00000000c1f00000 NTAMS 0x00000000c1f00000 space 1024K, 100% used [0x00000000c1e00000, 0x00000000c1f00000)
AC   0  O    TS     0 PTAMS 0x00000000c2000000 NTAMS 0x00000000c2000000 space 1024K, 100% used [0x00000000c1f00000, 0x00000000c2000000)
AC   0  O    TS     0 PTAMS 0x00000000c2100000 NTAMS 0x00000000c2100000 space 1024K, 100% used [0x00000000c2000000, 0x00000000c2100000)
AC   0  O    TS     0 PTAMS 0x00000000c2200000 NTAMS 0x00000000c2200000 space 1024K, 100% used [0x00000000c2100000, 0x00000000c2200000)
AC   0  O    TS     0 PTAMS 0x00000000c2300000 NTAMS 0x00000000c2300000 space 1024K, 100% used [0x00000000c2200000, 0x00000000c2300000)
AC   0  O    TS     0 PTAMS 0x00000000c2400000 NTAMS 0x00000000c2400000 space 1024K, 100% used [0x00000000c2300000, 0x00000000c2400000)
AC   0  O    TS     0 PTAMS 0x00000000c2500000 NTAMS 0x00000000c2500000 space 1024K, 100% used [0x00000000c2400000, 0x00000000c2500000)
AC   0  O    TS     0 PTAMS 0x00000000c2600000 NTAMS 0x00000000c2600000 space 1024K, 100% used [0x00000000c2500000, 0x00000000c2600000)
AC   0  O    TS     0 PTAMS 0x00000000c2700000 NTAMS 0x00000000c2700000 space 1024K, 100% used [0x00000000c2600000, 0x00000000c2700000)
AC   0  O    TS     0 PTAMS 0x00000000c2800000 NTAMS 0x00000000c2800000 space 1024K, 100% used [0x00000000c2700000, 0x00000000c2800000)
AC   0  O    TS     0 PTAMS 0x00000000c2900000 NTAMS 0x00000000c2900000 space 1024K, 100% used [0x00000000c2800000, 0x00000000c2900000)
AC   0  O    TS     0 PTAMS 0x00000000c2a00000 NTAMS 0x00000000c2a00000 space 1024K, 100% used [0x00000000c2900000, 0x00000000c2a00000)
AC   0  O    TS     0 PTAMS 0x00000000c2b00000 NTAMS 0x00000000c2b00000 space 1024K, 100% used [0x00000000c2a00000, 0x00000000c2b00000)
AC   0  O    TS     0 PTAMS 0x00000000c2c00000 NTAMS 0x00000000c2c00000 space 1024K, 100% used [0x00000000c2b00000, 0x00000000c2c00000)
AC   0  O    TS     0 PTAMS 0x00000000c2d00000 NTAMS 0x00000000c2d00000 space 1024K, 100% used [0x00000000c2c00000, 0x00000000c2d00000)
AC   0  O    TS     0 PTAMS 0x00000000c2e00000 NTAMS 0x00000000c2e00000 space 1024K, 100% used [0x00000000c2d00000, 0x00000000c2e00000)
AC   0  O    TS     0 PTAMS 0x00000000c2f00000 NTAMS 0x00000000c2f00000 space 1024K, 100% used [0x00000000c2e00000, 0x00000000c2f00000)
AC   0  O    TS     0 PTAMS 0x00000000c3000000 NTAMS 0x00000000c3000000 space 1024K, 100% used [0x00000000c2f00000, 0x00000000c3000000)
AC   0  O    TS     0 PTAMS 0x00000000c3100000 NTAMS 0x00000000c3100000 space 1024K, 100% used [0x00000000c3000000, 0x00000000c3100000)
AC   0  O    TS     0 PTAMS 0x00000000c3200000 NTAMS 0x00000000c3200000 space 1024K, 100% used [0x00000000c3100000, 0x00000000c3200000)
AC   0  O    TS     0 PTAMS 0x00000000c3300000 NTAMS 0x00000000c3300000 space 1024K, 100% used [0x00000000c3200000, 0x00000000c3300000)
AC   0  O    TS     0 PTAMS 0x00000000c3400000 NTAMS 0x00000000c3400000 space 1024K, 100% used [0x00000000c3300000, 0x00000000c3400000)
AC   0  O    TS     0 PTAMS 0x00000000c3500000 NTAMS 0x00000000c3500000 space 1024K, 100% used [0x00000000c3400000, 0x00000000c3500000)
AC   0  O    TS     0 PTAMS 0x00000000c3600000 NTAMS 0x00000000c3600000 space 1024K, 100% used [0x00000000c3500000, 0x00000000c3600000)
AC   0  O    TS     0 PTAMS 0x00000000c3700000 NTAMS 0x00000000c3700000 space 1024K, 100% used [0x00000000c3600000, 0x00000000c3700000)
AC   0  O    TS     0 PTAMS 0x00000000c3800000 NTAMS 0x00000000c3800000 space 1024K, 100% used [0x00000000c3700000, 0x00000000c3800000)
AC   0  O    TS     0 PTAMS 0x00000000c3900000 NTAMS 0x00000000c3900000 space 1024K, 100% used [0x00000000c3800000, 0x00000000c3900000)
AC   0  O    TS     0 PTAMS 0x00000000c3a00000 NTAMS 0x00000000c3a00000 space 1024K, 100% used [0x00000000c3900000, 0x00000000c3a00000)
AC   0  O    TS     0 PTAMS 0x00000000c3b00000 NTAMS 0x00000000c3b00000 space 1024K, 100% used [0x00000000c3a00000, 0x00000000c3b00000)
AC   0  O    TS     0 PTAMS 0x00000000c3c00000 NTAMS 0x00000000c3c00000 space 1024K, 100% used [0x00000000c3b00000, 0x00000000c3c00000)
AC   0  O    TS     0 PTAMS 0x00000000c3d00000 NTAMS 0x00000000c3d00000 space 1024K, 100% used [0x00000000c3c00000, 0x00000000c3d00000)
AC   0  O    TS     0 PTAMS 0x00000000c3e00000 NTAMS 0x00000000c3e00000 space 1024K, 100% used [0x00000000c3d00000, 0x00000000c3e00000)
AC   0  O    TS     0 PTAMS 0x00000000c3f00000 NTAMS 0x00000000c3f00000 space 1024K, 100% used [0x00000000c3e00000, 0x00000000c3f00000)
AC   0  O    TS     0 PTAMS 0x00000000c4000000 NTAMS 0x00000000c4000000 space 1024K, 100% used [0x00000000c3f00000, 0x00000000c4000000)
AC   0  O    TS     0 PTAMS 0x00000000c4100000 NTAMS 0x00000000c4100000 space 1024K, 100% used [0x00000000c4000000, 0x00000000c4100000)
AC   0 HS    TS     0 PTAMS 0x00000000c41d8008 NTAMS 0x00000000c41d8008 space 1024K,  84% used [0x00000000c4100000, 0x00000000c4200000)
AC   0  O    TS     0 PTAMS 0x00000000c4300000 NTAMS 0x00000000c4300000 space 1024K, 100% used [0x00000000c4200000, 0x00000000c4300000)
AC   0  O    TS     0 PTAMS 0x00000000c4400000 NTAMS 0x00000000c4400000 space 1024K, 100% used [0x00000000c4300000, 0x00000000c4400000)
AC   0  O    TS     0 PTAMS 0x00000000c4500000 NTAMS 0x00000000c4500000 space 1024K, 100% used [0x00000000c4400000, 0x00000000c4500000)
AC   0  O    TS     0 PTAMS 0x00000000c4600000 NTAMS 0x00000000c4600000 space 1024K, 100% used [0x00000000c4500000, 0x00000000c4600000)
AC   0  O    TS     0 PTAMS 0x00000000c4700000 NTAMS 0x00000000c4700000 space 1024K, 100% used [0x00000000c4600000, 0x00000000c4700000)
AC   0  O    TS     0 PTAMS 0x00000000c4800000 NTAMS 0x00000000c4800000 space 1024K, 100% used [0x00000000c4700000, 0x00000000c4800000)
AC   0  O    TS     0 PTAMS 0x00000000c4900000 NTAMS 0x00000000c4900000 space 1024K, 100% used [0x00000000c4800000, 0x00000000c4900000)
AC   0  O    TS     0 PTAMS 0x00000000c4a00000 NTAMS 0x00000000c4a00000 space 1024K, 100% used [0x00000000c4900000, 0x00000000c4a00000)
AC   0  O    TS     0 PTAMS 0x00000000c4b00000 NTAMS 0x00000000c4b00000 space 1024K, 100% used [0x00000000c4a00000, 0x00000000c4b00000)
AC   0  O    TS     0 PTAMS 0x00000000c4b81000 NTAMS 0x00000000c4b81000 space 1024K, 100% used [0x00000000c4b00000, 0x00000000c4c00000)
AC   0  O    TS     0 PTAMS 0x00000000c4c00000 NTAMS 0x00000000c4c00000 space 1024K, 100% used [0x00000000c4c00000, 0x00000000c4d00000)
AC   0  O    TS     0 PTAMS 0x00000000c4e00000 NTAMS 0x00000000c4e00000 space 1024K, 100% used [0x00000000c4d00000, 0x00000000c4e00000)
AC   0  O    TS     0 PTAMS 0x00000000c4f00000 NTAMS 0x00000000c4f00000 space 1024K, 100% used [0x00000000c4e00000, 0x00000000c4f00000)
AC   0  O    TS     0 PTAMS 0x00000000c5000000 NTAMS 0x00000000c5000000 space 1024K, 100% used [0x00000000c4f00000, 0x00000000c5000000)
AC   0  O    TS     0 PTAMS 0x00000000c5100000 NTAMS 0x00000000c5100000 space 1024K, 100% used [0x00000000c5000000, 0x00000000c5100000)
AC   0  O    TS     0 PTAMS 0x00000000c5200000 NTAMS 0x00000000c5200000 space 1024K, 100% used [0x00000000c5100000, 0x00000000c5200000)
AC   0  O    TS     0 PTAMS 0x00000000c5200000 NTAMS 0x00000000c5200000 space 1024K, 100% used [0x00000000c5200000, 0x00000000c5300000)
AC   0  O    TS     0 PTAMS 0x00000000c5400000 NTAMS 0x00000000c5400000 space 1024K, 100% used [0x00000000c5300000, 0x00000000c5400000)
AC   0  O    TS     0 PTAMS 0x00000000c5500000 NTAMS 0x00000000c5500000 space 1024K, 100% used [0x00000000c5400000, 0x00000000c5500000)
AC   0  O    TS     0 PTAMS 0x00000000c5600000 NTAMS 0x00000000c5600000 space 1024K, 100% used [0x00000000c5500000, 0x00000000c5600000)
AC   0  O    TS     0 PTAMS 0x00000000c5700000 NTAMS 0x00000000c5700000 space 1024K, 100% used [0x00000000c5600000, 0x00000000c5700000)
AC   0  O    TS     0 PTAMS 0x00000000c5700000 NTAMS 0x00000000c5700000 space 1024K, 100% used [0x00000000c5700000, 0x00000000c5800000)
AC   0  O    TS     0 PTAMS 0x00000000c5900000 NTAMS 0x00000000c5900000 space 1024K, 100% used [0x00000000c5800000, 0x00000000c5900000)
AC   0  O    TS     0 PTAMS 0x00000000c5a00000 NTAMS 0x00000000c5a00000 space 1024K, 100% used [0x00000000c5900000, 0x00000000c5a00000)
AC   0  O    TS     0 PTAMS 0x00000000c5b00000 NTAMS 0x00000000c5b00000 space 1024K, 100% used [0x00000000c5a00000, 0x00000000c5b00000)
AC   0  O    TS     0 PTAMS 0x00000000c5c00000 NTAMS 0x00000000c5c00000 space 1024K, 100% used [0x00000000c5b00000, 0x00000000c5c00000)
AC   0  O    TS     0 PTAMS 0x00000000c5d00000 NTAMS 0x00000000c5d00000 space 1024K, 100% used [0x00000000c5c00000, 0x00000000c5d00000)
AC   0  O    TS     0 PTAMS 0x00000000c5e00000 NTAMS 0x00000000c5e00000 space 1024K, 100% used [0x00000000c5d00000, 0x00000000c5e00000)
AC   0  O    TS     0 PTAMS 0x00000000c5f00000 NTAMS 0x00000000c5f00000 space 1024K, 100% used [0x00000000c5e00000, 0x00000000c5f00000)
AC   0  O    TS     0 PTAMS 0x00000000c6000000 NTAMS 0x00000000c6000000 space 1024K, 100% used [0x00000000c5f00000, 0x00000000c6000000)
AC   0  O    TS     0 PTAMS 0x00000000c6100000 NTAMS 0x00000000c6100000 space 1024K, 100% used [0x00000000c6000000, 0x00000000c6100000)
AC   0  O    TS     0 PTAMS 0x00000000c6200000 NTAMS 0x00000000c6200000 space 1024K, 100% used [0x00000000c6100000, 0x00000000c6200000)
AC   0  O    TS     0 PTAMS 0x00000000c6300000 NTAMS 0x00000000c6300000 space 1024K, 100% used [0x00000000c6200000, 0x00000000c6300000)
AC   0 HS    TS     0 PTAMS 0x00000000c6300000 NTAMS 0x00000000c6300000 space 2048K,  84% used [0x00000000c6300000, 0x00000000c6500000)
AC   0 HC    TS     0 PTAMS 0x00000000c6400000 NTAMS 0x00000000c6400000 space 1024K,  68% used [0x00000000c6400000, 0x00000000c6500000)
AC   0  O    TS     0 PTAMS 0x00000000c6500000 NTAMS 0x00000000c6500000 space 1024K, 100% used [0x00000000c6500000, 0x00000000c6600000)
AC   0  O    TS     0 PTAMS 0x00000000c6600000 NTAMS 0x00000000c6600000 space 1024K, 100% used [0x00000000c6600000, 0x00000000c6700000)
AC   0  O    TS     0 PTAMS 0x00000000c6800000 NTAMS 0x00000000c6800000 space 1024K, 100% used [0x00000000c6700000, 0x00000000c6800000)
AC   0  O    TS     0 PTAMS 0x00000000c6900000 NTAMS 0x00000000c6900000 space 1024K, 100% used [0x00000000c6800000, 0x00000000c6900000)
AC   0  O    TS     0 PTAMS 0x00000000c6a00000 NTAMS 0x00000000c6a00000 space 1024K, 100% used [0x00000000c6900000, 0x00000000c6a00000)
AC   0  O    TS     0 PTAMS 0x00000000c6b00000 NTAMS 0x00000000c6b00000 space 1024K, 100% used [0x00000000c6a00000, 0x00000000c6b00000)
AC   0  O    TS     0 PTAMS 0x00000000c6c00000 NTAMS 0x00000000c6c00000 space 1024K, 100% used [0x00000000c6b00000, 0x00000000c6c00000)
AC   0  O    TS     1 PTAMS 0x00000000c6c00000 NTAMS 0x00000000c6c00000 space 1024K, 100% used [0x00000000c6c00000, 0x00000000c6d00000)
AC   0  O    TS     1 PTAMS 0x00000000c6d00000 NTAMS 0x00000000c6d00000 space 1024K,  68% used [0x00000000c6d00000, 0x00000000c6e00000)
AC   0  F    TS     0 PTAMS 0x00000000c6e00000 NTAMS 0x00000000c6e00000 space 1024K,   0% used [0x00000000c6e00000, 0x00000000c6f00000)
AC   0  F    TS     0 PTAMS 0x00000000c6f00000 NTAMS 0x00000000c6f00000 space 1024K,   0% used [0x00000000c6f00000, 0x00000000c7000000)
AC   0  F    TS     0 PTAMS 0x00000000c7000000 NTAMS 0x00000000c7000000 space 1024K,   0% used [0x00000000c7000000, 0x00000000c7100000)
AC   0  F    TS     0 PTAMS 0x00000000c7100000 NTAMS 0x00000000c7100000 space 1024K,   0% used [0x00000000c7100000, 0x00000000c7200000)
AC   0  F    TS     0 PTAMS 0x00000000c7200000 NTAMS 0x00000000c7200000 space 1024K,   0% used [0x00000000c7200000, 0x00000000c7300000)
AC   0  F    TS     0 PTAMS 0x00000000c7300000 NTAMS 0x00000000c7300000 space 1024K,   0% used [0x00000000c7300000, 0x00000000c7400000)
AC   0  F    TS     0 PTAMS 0x00000000c7400000 NTAMS 0x00000000c7400000 space 1024K,   0% used [0x00000000c7400000, 0x00000000c7500000)
AC   0  F    TS     0 PTAMS 0x00000000c7500000 NTAMS 0x00000000c7500000 space 1024K,   0% used [0x00000000c7500000, 0x00000000c7600000)
AC   0  F    TS     0 PTAMS 0x00000000c7600000 NTAMS 0x00000000c7600000 space 1024K,   0% used [0x00000000c7600000, 0x00000000c7700000)
AC   0  F    TS     0 PTAMS 0x00000000c7700000 NTAMS 0x00000000c7700000 space 1024K,   0% used [0x00000000c7700000, 0x00000000c7800000)
AC   0  F    TS     0 PTAMS 0x00000000c7800000 NTAMS 0x00000000c7800000 space 1024K,   0% used [0x00000000c7800000, 0x00000000c7900000)
AC   0  S CS TS     1 PTAMS 0x00000000c7900000 NTAMS 0x00000000c7900000 space 1024K, 100% used [0x00000000c7900000, 0x00000000c7a00000)
AC   0  F    TS     0 PTAMS 0x00000000c7a00000 NTAMS 0x00000000c7a00000 space 1024K,   0% used [0x00000000c7a00000, 0x00000000c7b00000)
AC   0  F    TS     0 PTAMS 0x00000000c7b00000 NTAMS 0x00000000c7b00000 space 1024K,   0% used [0x00000000c7b00000, 0x00000000c7c00000)
AC   0  F    TS     0 PTAMS 0x00000000c7c00000 NTAMS 0x00000000c7c00000 space 1024K,   0% used [0x00000000c7c00000, 0x00000000c7d00000)
AC   0  F    TS     0 PTAMS 0x00000000c7d00000 NTAMS 0x00000000c7d00000 space 1024K,   0% used [0x00000000c7d00000, 0x00000000c7e00000)
AC   0  F    TS     0 PTAMS 0x00000000c7e00000 NTAMS 0x00000000c7e00000 space 1024K,   0% used [0x00000000c7e00000, 0x00000000c7f00000)

Card table byte_map: [0x0000026c9f4f0000,0x0000026c9f6f0000] byte_map_base: 0x0000026c9eef0000

Marking Bits (Prev, Next): (CMBitMap*) 0x0000026c8df6ad50, (CMBitMap*) 0x0000026c8df6acf8
 Prev Bits: [0x0000026ca08f0000, 0x0000026ca18f0000)
 Next Bits: [0x0000026c9f8f0000, 0x0000026ca08f0000)

Polling page: 0x0000026c8e0e0000

CodeCache: size=245760Kb used=18400Kb max_used=18412Kb free=227359Kb
 bounds [0x0000026c8f8e0000, 0x0000026c90b00000, 0x0000026c9e8e0000]
 total_blobs=5690 nmethods=5101 adapters=501
 compilation: enabled

Compilation events (10 events):
Event: 65.282 Thread 0x0000026ca4977800 6012       4       org.eclipse.jdt.internal.compiler.ExtraFlags::getExtraFlags (94 bytes)
Event: 65.328 Thread 0x0000026ca4977800 nmethod 6012 0x0000026c90ab3810 code [0x0000026c90ab39a0, 0x0000026c90ab4148]
Event: 65.328 Thread 0x0000026ca4977800 6014   !   4       org.eclipse.jdt.internal.core.search.JavaSearchDocument::getByteContents (39 bytes)
Event: 65.329 Thread 0x0000026ca4977800 nmethod 6014 0x0000026c90896710 code [0x0000026c90896840, 0x0000026c908968b8]
Event: 65.329 Thread 0x0000026ca4977800 6013       4       org.eclipse.jdt.internal.core.search.indexing.AbstractIndexer::addTypeDeclaration (62 bytes)
Event: 65.347 Thread 0x0000026ca4977800 nmethod 6013 0x0000026c90ae8850 code [0x0000026c90ae89c0, 0x0000026c90ae9188]
Event: 65.420 Thread 0x0000026ca4981000 6015       3       org.eclipse.jdt.internal.core.search.indexing.BinaryIndexer::addBinaryStandardAnnotations (238 bytes)
Event: 65.427 Thread 0x0000026ca4981000 nmethod 6015 0x0000026c90aed650 code [0x0000026c90aedbe0, 0x0000026c90af0fe0]
Event: 65.549 Thread 0x0000026ca4977800 6016       4       org.eclipse.jdt.internal.compiler.classfmt.ClassFileReader::isAnonymous (30 bytes)
Event: 65.551 Thread 0x0000026ca4977800 nmethod 6016 0x0000026c90a95c90 code [0x0000026c90a95de0, 0x0000026c90a95e88]

GC Heap History (10 events):
Event: 65.307 GC heap after
Heap after GC invocations=55 (full 0):
 garbage-first heap   total 130048K, used 104292K [0x00000000c0000000, 0x00000000c01003f8, 0x0000000100000000)
  region size 1024K, 2 young (2048K), 2 survivors (2048K)
 Metaspace       used 48127K, capacity 51100K, committed 51456K, reserved 1095680K
  class space    used 4937K, capacity 5782K, committed 5888K, reserved 1048576K
}
Event: 65.574 GC heap before
{Heap before GC invocations=55 (full 0):
 garbage-first heap   total 130048K, used 115236K [0x00000000c0000000, 0x00000000c01003f8, 0x0000000100000000)
  region size 1024K, 11 young (11264K), 2 survivors (2048K)
 Metaspace       used 48129K, capacity 51100K, committed 51456K, reserved 1095680K
  class space    used 4937K, capacity 5782K, committed 5888K, reserved 1048576K
Event: 65.603 GC heap after
Heap after GC invocations=56 (full 0):
 garbage-first heap   total 130048K, used 105869K [0x00000000c0000000, 0x00000000c01003f8, 0x0000000100000000)
  region size 1024K, 2 young (2048K), 2 survivors (2048K)
 Metaspace       used 48129K, capacity 51100K, committed 51456K, reserved 1095680K
  class space    used 4937K, capacity 5782K, committed 5888K, reserved 1048576K
}
Event: 65.666 GC heap before
{Heap before GC invocations=56 (full 0):
 garbage-first heap   total 130048K, used 113037K [0x00000000c0000000, 0x00000000c01003f8, 0x0000000100000000)
  region size 1024K, 9 young (9216K), 2 survivors (2048K)
 Metaspace       used 48129K, capacity 51100K, committed 51456K, reserved 1095680K
  class space    used 4937K, capacity 5782K, committed 5888K, reserved 1048576K
Event: 65.687 GC heap after
Heap after GC invocations=57 (full 0):
 garbage-first heap   total 130048K, used 107071K [0x00000000c0000000, 0x00000000c01003f8, 0x0000000100000000)
  region size 1024K, 2 young (2048K), 2 survivors (2048K)
 Metaspace       used 48129K, capacity 51100K, committed 51456K, reserved 1095680K
  class space    used 4937K, capacity 5782K, committed 5888K, reserved 1048576K
}
Event: 65.749 GC heap before
{Heap before GC invocations=57 (full 0):
 garbage-first heap   total 130048K, used 113215K [0x00000000c0000000, 0x00000000c01003f8, 0x0000000100000000)
  region size 1024K, 8 young (8192K), 2 survivors (2048K)
 Metaspace       used 48129K, capacity 51100K, committed 51456K, reserved 1095680K
  class space    used 4937K, capacity 5782K, committed 5888K, reserved 1048576K
Event: 65.772 GC heap after
Heap after GC invocations=58 (full 0):
 garbage-first heap   total 130048K, used 108462K [0x00000000c0000000, 0x00000000c01003f8, 0x0000000100000000)
  region size 1024K, 1 young (1024K), 1 survivors (1024K)
 Metaspace       used 48129K, capacity 51100K, committed 51456K, reserved 1095680K
  class space    used 4937K, capacity 5782K, committed 5888K, reserved 1048576K
}
Event: 65.829 GC heap before
{Heap before GC invocations=58 (full 0):
 garbage-first heap   total 130048K, used 114606K [0x00000000c0000000, 0x00000000c01003f8, 0x0000000100000000)
  region size 1024K, 7 young (7168K), 1 survivors (1024K)
 Metaspace       used 48129K, capacity 51100K, committed 51456K, reserved 1095680K
  class space    used 4937K, capacity 5782K, committed 5888K, reserved 1048576K
Event: 65.849 GC heap after
Heap after GC invocations=59 (full 0):
 garbage-first heap   total 130048K, used 110997K [0x00000000c0000000, 0x00000000c01003f8, 0x0000000100000000)
  region size 1024K, 1 young (1024K), 1 survivors (1024K)
 Metaspace       used 48129K, capacity 51100K, committed 51456K, reserved 1095680K
  class space    used 4937K, capacity 5782K, committed 5888K, reserved 1048576K
}
Event: 66.081 GC heap before
{Heap before GC invocations=60 (full 0):
 garbage-first heap   total 130048K, used 116117K [0x00000000c0000000, 0x00000000c01003f8, 0x0000000100000000)
  region size 1024K, 6 young (6144K), 1 survivors (1024K)
 Metaspace       used 48129K, capacity 51100K, committed 51456K, reserved 1095680K
  class space    used 4937K, capacity 5782K, committed 5888K, reserved 1048576K

Deoptimization events (10 events):
Event: 60.021 Thread 0x0000026ca5c6e000 Uncommon trap: reason=unstable_if action=reinterpret pc=0x0000026c90a77894 method=org.eclipse.jdt.internal.core.search.matching.ConstructorPattern.encodeExtraFlags(I)I @ 17
Event: 60.256 Thread 0x0000026ca5c6e000 Uncommon trap: reason=unstable_if action=reinterpret pc=0x0000026c90a014d0 method=org.eclipse.jdt.internal.compiler.classfmt.FieldInfo.createField([B[IIJ)Lorg/eclipse/jdt/internal/compiler/classfmt/FieldInfo; @ 167
Event: 60.300 Thread 0x0000026ca5c6e000 Uncommon trap: reason=speculate_class_check action=maybe_recompile pc=0x0000026c90a6100c method=org.eclipse.jdt.internal.core.search.indexing.BinaryIndexer.indexDocument()V @ 964
Event: 61.879 Thread 0x0000026ca5c6e000 Uncommon trap: reason=unstable_if action=reinterpret pc=0x0000026c905519b0 method=org.eclipse.jdt.internal.core.search.matching.ConstructorPattern.encodeExtraFlags(I)I @ 17
Event: 61.879 Thread 0x0000026ca5c6e000 Uncommon trap: reason=unstable_if action=reinterpret pc=0x0000026c9054b8ec method=org.eclipse.jdt.internal.core.search.matching.MethodDeclarationPattern.encodeExtraFlags(I)I @ 17
Event: 63.276 Thread 0x0000026ca5c6e000 Uncommon trap: reason=speculate_class_check action=maybe_recompile pc=0x0000026c90ac4340 method=org.eclipse.jdt.internal.core.search.indexing.BinaryIndexer.indexDocument()V @ 964
Event: 63.277 Thread 0x0000026ca5c6e000 Uncommon trap: reason=speculate_class_check action=maybe_recompile pc=0x0000026c90ac4340 method=org.eclipse.jdt.internal.core.search.indexing.BinaryIndexer.indexDocument()V @ 964
Event: 63.280 Thread 0x0000026ca5c6e000 Uncommon trap: reason=speculate_class_check action=maybe_recompile pc=0x0000026c90ac4340 method=org.eclipse.jdt.internal.core.search.indexing.BinaryIndexer.indexDocument()V @ 964
Event: 63.376 Thread 0x0000026ca5c6e000 Uncommon trap: reason=unstable_if action=reinterpret pc=0x0000026c907d7bac method=org.eclipse.jdt.internal.core.search.matching.MethodDeclarationPattern.encodeExtraFlags(I)I @ 17
Event: 64.088 Thread 0x0000026ca5c6e000 Uncommon trap: reason=speculate_class_check action=maybe_recompile pc=0x0000026c90a6100c method=org.eclipse.jdt.internal.core.search.indexing.BinaryIndexer.indexDocument()V @ 964

Classes redefined (0 events):
No events

Internal exceptions (10 events):
Event: 48.692 Thread 0x0000026ca63e5000 Exception <a 'sun/nio/fs/WindowsException'> (0x00000000c7cd5af0) thrown at [C:\cygwin64\tmp\openjdk-jdk8u-windows-x64-hotspot\workspace\build\src\hotspot\src\share\vm\prims\jni.cpp, line 710]
Event: 48.748 Thread 0x0000026ca63e5000 Exception <a 'sun/nio/fs/WindowsException'> (0x00000000c7cf4c20) thrown at [C:\cygwin64\tmp\openjdk-jdk8u-windows-x64-hotspot\workspace\build\src\hotspot\src\share\vm\prims\jni.cpp, line 710]
Event: 48.748 Thread 0x0000026ca63e5000 Exception <a 'sun/nio/fs/WindowsException'> (0x00000000c7cf6088) thrown at [C:\cygwin64\tmp\openjdk-jdk8u-windows-x64-hotspot\workspace\build\src\hotspot\src\share\vm\prims\jni.cpp, line 710]
Event: 48.810 Thread 0x0000026ca63e5000 Exception <a 'sun/nio/fs/WindowsException'> (0x00000000c7b024f0) thrown at [C:\cygwin64\tmp\openjdk-jdk8u-windows-x64-hotspot\workspace\build\src\hotspot\src\share\vm\prims\jni.cpp, line 710]
Event: 48.811 Thread 0x0000026ca63e5000 Exception <a 'sun/nio/fs/WindowsException'> (0x00000000c7b03988) thrown at [C:\cygwin64\tmp\openjdk-jdk8u-windows-x64-hotspot\workspace\build\src\hotspot\src\share\vm\prims\jni.cpp, line 710]
Event: 48.849 Thread 0x0000026ca63e5000 Exception <a 'sun/nio/fs/WindowsException'> (0x00000000c7b55e40) thrown at [C:\cygwin64\tmp\openjdk-jdk8u-windows-x64-hotspot\workspace\build\src\hotspot\src\share\vm\prims\jni.cpp, line 710]
Event: 48.850 Thread 0x0000026ca63e5000 Exception <a 'sun/nio/fs/WindowsException'> (0x00000000c7b572d8) thrown at [C:\cygwin64\tmp\openjdk-jdk8u-windows-x64-hotspot\workspace\build\src\hotspot\src\share\vm\prims\jni.cpp, line 710]
Event: 48.995 Thread 0x0000026ca63e5000 Exception <a 'sun/nio/fs/WindowsException'> (0x00000000c7a2df70) thrown at [C:\cygwin64\tmp\openjdk-jdk8u-windows-x64-hotspot\workspace\build\src\hotspot\src\share\vm\prims\jni.cpp, line 710]
Event: 48.995 Thread 0x0000026ca63e5000 Exception <a 'sun/nio/fs/WindowsException'> (0x00000000c7a2fa10) thrown at [C:\cygwin64\tmp\openjdk-jdk8u-windows-x64-hotspot\workspace\build\src\hotspot\src\share\vm\prims\jni.cpp, line 710]
Event: 58.405 Thread 0x0000026ca5c6e000 Implicit null exception at 0x0000026c90a3fccc to 0x0000026c90a4aa2d

Events (10 events):
Event: 65.688 Executing VM operation: G1IncCollectionPause done
Event: 65.749 Executing VM operation: G1IncCollectionPause
Event: 65.772 Executing VM operation: G1IncCollectionPause done
Event: 65.829 Executing VM operation: G1IncCollectionPause
Event: 65.849 Executing VM operation: G1IncCollectionPause done
Event: 65.870 Executing VM operation: CGC_Operation
Event: 65.938 Executing VM operation: CGC_Operation done
Event: 65.944 Executing VM operation: CGC_Operation
Event: 65.981 Executing VM operation: CGC_Operation done
Event: 66.081 Executing VM operation: G1IncCollectionPause


Dynamic libraries:
0x00007ff7b37d0000 - 0x00007ff7b380a000 	C:\Users\renat\AppData\Local\Programs\AdoptOpenJDK\bin\java.exe
0x00007ffac8990000 - 0x00007ffac8b71000 	C:\WINDOWS\SYSTEM32\ntdll.dll
0x00007ffac81d0000 - 0x00007ffac8281000 	C:\WINDOWS\System32\KERNEL32.DLL
0x00007ffac5900000 - 0x00007ffac5b73000 	C:\WINDOWS\System32\KERNELBASE.dll
0x00007ffac62b0000 - 0x00007ffac6351000 	C:\WINDOWS\System32\ADVAPI32.dll
0x00007ffac8850000 - 0x00007ffac88ee000 	C:\WINDOWS\System32\msvcrt.dll
0x00007ffac8760000 - 0x00007ffac87bb000 	C:\WINDOWS\System32\sechost.dll
0x00007ffac8590000 - 0x00007ffac86b4000 	C:\WINDOWS\System32\RPCRT4.dll
0x00007ffac6be0000 - 0x00007ffac6d70000 	C:\WINDOWS\System32\USER32.dll
0x00007ffac5d00000 - 0x00007ffac5d20000 	C:\WINDOWS\System32\win32u.dll
0x00007ffac88f0000 - 0x00007ffac8918000 	C:\WINDOWS\System32\GDI32.dll
0x00007ffac4dc0000 - 0x00007ffac4f51000 	C:\WINDOWS\System32\gdi32full.dll
0x00007ffac5860000 - 0x00007ffac58ff000 	C:\WINDOWS\System32\msvcp_win.dll
0x00007ffac5d20000 - 0x00007ffac5e18000 	C:\WINDOWS\System32\ucrtbase.dll
0x00007ffaac330000 - 0x00007ffaac599000 	C:\WINDOWS\WinSxS\amd64_microsoft.windows.common-controls_6595b64144ccf1df_6.0.17134.950_none_fb3da4273069d3e0\COMCTL32.dll
0x00007ffac5f80000 - 0x00007ffac62a2000 	C:\WINDOWS\System32\combase.dll
0x00007ffac5c80000 - 0x00007ffac5cf9000 	C:\WINDOWS\System32\bcryptPrimitives.dll
0x00007ffac8920000 - 0x00007ffac894d000 	C:\WINDOWS\System32\IMM32.DLL
0x00007ffa972e0000 - 0x00007ffa973cf000 	C:\Users\renat\AppData\Local\Programs\AdoptOpenJDK\jre\bin\msvcr120.dll
0x00007ffa97150000 - 0x00007ffa971f6000 	C:\Users\renat\AppData\Local\Programs\AdoptOpenJDK\jre\bin\msvcp120.dll
0x0000000076d10000 - 0x000000007750e000 	C:\Users\renat\AppData\Local\Programs\AdoptOpenJDK\jre\bin\server\jvm.dll
0x00007ffac5e20000 - 0x00007ffac5e28000 	C:\WINDOWS\System32\PSAPI.DLL
0x00007ffab71f0000 - 0x00007ffab71f9000 	C:\WINDOWS\SYSTEM32\WSOCK32.dll
0x00007ffac6470000 - 0x00007ffac64dc000 	C:\WINDOWS\System32\WS2_32.dll
0x00007ffac1660000 - 0x00007ffac1683000 	C:\WINDOWS\SYSTEM32\WINMM.dll
0x00007ffab6fd0000 - 0x00007ffab6fda000 	C:\WINDOWS\SYSTEM32\VERSION.dll
0x00007ffac1630000 - 0x00007ffac165a000 	C:\WINDOWS\SYSTEM32\WINMMBASE.dll
0x00007ffac5c30000 - 0x00007ffac5c79000 	C:\WINDOWS\System32\cfgmgr32.dll
0x00007ffac1530000 - 0x00007ffac153f000 	C:\Users\renat\AppData\Local\Programs\AdoptOpenJDK\jre\bin\verify.dll
0x00007ffab1f00000 - 0x00007ffab1f28000 	C:\Users\renat\AppData\Local\Programs\AdoptOpenJDK\jre\bin\java.dll
0x00007ffab59f0000 - 0x00007ffab5a06000 	C:\Users\renat\AppData\Local\Programs\AdoptOpenJDK\jre\bin\zip.dll
0x00007ffac6d90000 - 0x00007ffac81d0000 	C:\WINDOWS\System32\SHELL32.dll
0x00007ffac6360000 - 0x00007ffac6409000 	C:\WINDOWS\System32\shcore.dll
0x00007ffac4f60000 - 0x00007ffac566d000 	C:\WINDOWS\System32\windows.storage.dll
0x00007ffac64e0000 - 0x00007ffac6531000 	C:\WINDOWS\System32\shlwapi.dll
0x00007ffac4d00000 - 0x00007ffac4d11000 	C:\WINDOWS\System32\kernel.appcore.dll
0x00007ffac4d20000 - 0x00007ffac4d3f000 	C:\WINDOWS\System32\profapi.dll
0x00007ffac4cb0000 - 0x00007ffac4cfc000 	C:\WINDOWS\System32\powrprof.dll
0x00007ffac4ca0000 - 0x00007ffac4caa000 	C:\WINDOWS\System32\FLTLIB.DLL
0x00007ffac46e0000 - 0x00007ffac46f7000 	C:\WINDOWS\SYSTEM32\CRYPTSP.dll
0x00007ffac40d0000 - 0x00007ffac4103000 	C:\WINDOWS\system32\rsaenh.dll
0x00007ffac4800000 - 0x00007ffac4825000 	C:\WINDOWS\SYSTEM32\bcrypt.dll
0x00007ffac4ba0000 - 0x00007ffac4bc8000 	C:\WINDOWS\SYSTEM32\USERENV.dll
0x00007ffac46d0000 - 0x00007ffac46db000 	C:\WINDOWS\SYSTEM32\CRYPTBASE.dll
0x00007ffabd2b0000 - 0x00007ffabd2ca000 	C:\Users\renat\AppData\Local\Programs\AdoptOpenJDK\jre\bin\net.dll
0x00007ffab9590000 - 0x00007ffab9759000 	C:\WINDOWS\SYSTEM32\urlmon.dll
0x00007ffab7550000 - 0x00007ffab77f6000 	C:\WINDOWS\SYSTEM32\iertutil.dll
0x00007ffac4520000 - 0x00007ffac4586000 	C:\WINDOWS\system32\mswsock.dll
0x00007ffac4270000 - 0x00007ffac42a8000 	C:\WINDOWS\SYSTEM32\IPHLPAPI.DLL
0x00007ffac8950000 - 0x00007ffac8958000 	C:\WINDOWS\System32\NSI.dll
0x00007ffabdd50000 - 0x00007ffabdd66000 	C:\WINDOWS\SYSTEM32\dhcpcsvc6.DLL
0x00007ffabe2f0000 - 0x00007ffabe30a000 	C:\WINDOWS\SYSTEM32\dhcpcsvc.DLL
0x00007ffab1ee0000 - 0x00007ffab1ef2000 	C:\Users\renat\AppData\Local\Programs\AdoptOpenJDK\jre\bin\nio.dll
0x00007ffab1bc0000 - 0x00007ffab1be9000 	C:\Users\renat\.vscode\extensions\redhat.java-0.47.0\server\config_win\org.eclipse.equinox.launcher\org.eclipse.equinox.launcher.win32.win32.x86_64_1.1.1100.v20190715-0945\eclipse_1902.dll
0x00007ffabb9b0000 - 0x00007ffabb9c1000 	C:\Users\renat\.vscode\extensions\redhat.java-0.47.0\server\config_win\org.eclipse.osgi\21\0\.cp\jWinHttp-1.0.0.dll
0x00007ffac8290000 - 0x00007ffac83e1000 	C:\WINDOWS\System32\ole32.dll
0x00007ffabd5a0000 - 0x00007ffabd67d000 	C:\WINDOWS\SYSTEM32\WINHTTP.dll
0x00007ffabb980000 - 0x00007ffabb9a3000 	C:\Users\renat\AppData\Local\Programs\AdoptOpenJDK\jre\bin\sunec.dll

VM Arguments:
jvm_args: -Declipse.application=org.eclipse.jdt.ls.core.id1 -Dosgi.bundles.defaultStartLevel=4 -Declipse.product=org.eclipse.jdt.ls.core.product -Dfile.encoding=utf8 -DwatchParentProcess=false -Xverify:none -Xmx1G -XX:+UseG1GC -XX:+UseStringDeduplication 
java_command: C:\Users\renat\.vscode\extensions\redhat.java-0.47.0\server\plugins\org.eclipse.equinox.launcher_1.5.500.v20190715-1310.jar -configuration C:\Users\renat\.vscode\extensions\redhat.java-0.47.0\server\config_win -data c:\Users\renat\AppData\Roaming\Code\User\workspaceStorage\abab4bb2bd27e222b19b1fee4255f9ef\redhat.java\jdt_ws
java_class_path (initial): C:\Users\renat\.vscode\extensions\redhat.java-0.47.0\server\plugins\org.eclipse.equinox.launcher_1.5.500.v20190715-1310.jar
Launcher Type: SUN_STANDARD

Environment Variables:
JAVA_HOME=C:\Users\renat\AppData\Local\Programs\AdoptOpenJDK\
PATH=C:\Program Files (x86)\Common Files\Oracle\Java\javapath;C:\WINDOWS\system32;C:\WINDOWS;C:\WINDOWS\System32\Wbem;C:\WINDOWS\System32\WindowsPowerShell\v1.0\;C:\WINDOWS\System32\OpenSSH\;C:\Program Files\Git\cmd;C:\Users\renat\AppData\Local\Programs\AdoptOpenJDK\bin;C:\Users\renat\AppData\Local\Microsoft\WindowsApps;;C:\Users\renat\AppData\Local\Programs\Microsoft VS Code\bin
USERNAME=renat
OS=Windows_NT
PROCESSOR_IDENTIFIER=Intel64 Family 6 Model 92 Stepping 9, GenuineIntel



---------------  S Y S T E M  ---------------

OS: Windows 10.0 , 64 bit Build 17134 (10.0.17134.753)

CPU:total 4 (initial active 4) (4 cores per cpu, 1 threads per core) family 6 model 92 stepping 9, cmov, cx8, fxsr, mmx, sse, sse2, sse3, ssse3, sse4.1, sse4.2, popcnt, aes, clmul, erms, 3dnowpref, tsc, tscinvbit

Memory: 4k page, physical 4014304k(342988k free), swap 7667676k(75696k free)

vm_info: OpenJDK 64-Bit Server VM (25.222-b10) for windows-amd64 JRE (1.8.0_222-b10), built on Jul 17 2019 08:11:33 by "jenkins" with MS VC++ 12.0 (VS2013)

time: Thu Aug 29 09:42:16 2019
timezone: Argentina Standard Time
elapsed time: 66 seconds (0d 0h 1m 6s)

